project/app/build/intermediates/manifest_merge_blame_file/debug/manifest-merger-blame-debug-report.txt
1<?xml version="1.0" encoding="utf-8"?>
2<manifest xmlns:android="http://schemas.android.com/apk/res/android"
3    package="com.example.testeaiko"
4    android:versionCode="1"
5    android:versionName="1.0" >
6
7    <uses-sdk
8        android:minSdkVersion="24"
9        android:targetSdkVersion="34" />
10
11    <uses-permission android:name="android.permission.ACCESS_COARSE_LOCATION" />
11-->src\main\AndroidManifest.xml:5:5-81
11-->src\main\AndroidManifest.xml:5:22-78
12    <uses-permission android:name="android.permission.ACCESS_FINE_LOCATION" />
12-->src\main\AndroidManifest.xml:6:5-79
12-->src\main\AndroidManifest.xml:6:22-76
13    <uses-permission android:name="android.permission.INTERNET" />
13-->src\main\AndroidManifest.xml:7:5-67
13-->src\main\AndroidManifest.xml:7:22-64
14
15    <!-- Include required permissions for Google Maps API to run. -->
16    <uses-permission android:name="android.permission.ACCESS_NETWORK_STATE" />
16-->[com.google.android.gms:play-services-maps:18.0.1] AndroidManifest.xml:23:5-79
16-->[com.google.android.gms:play-services-maps:18.0.1] AndroidManifest.xml:23:22-76
17
18    <uses-feature
18-->[com.google.android.gms:play-services-maps:18.0.1] AndroidManifest.xml:26:5-28:35
19        android:glEsVersion="0x00020000"
19-->[com.google.android.gms:play-services-maps:18.0.1] AndroidManifest.xml:27:9-41
20        android:required="true" />
20-->[com.google.android.gms:play-services-maps:18.0.1] AndroidManifest.xml:28:9-32
21
22    <queries>
22-->[com.google.android.gms:play-services-maps:18.0.1] AndroidManifest.xml:30:5-34:15
23
24        <!-- Needs to be explicitly declared on Android R+ -->
25        <package android:name="com.google.android.apps.maps" />
25-->[com.google.android.gms:play-services-maps:18.0.1] AndroidManifest.xml:33:9-64
25-->[com.google.android.gms:play-services-maps:18.0.1] AndroidManifest.xml:33:18-61
26    </queries>
27
28    <permission
28-->[androidx.core:core:1.12.0] AndroidManifest.xml:22:5-24:47
29        android:name="com.example.testeaiko.DYNAMIC_RECEIVER_NOT_EXPORTED_PERMISSION"
29-->[androidx.core:core:1.12.0] AndroidManifest.xml:23:9-81
30        android:protectionLevel="signature" />
30-->[androidx.core:core:1.12.0] AndroidManifest.xml:24:9-44
31
32    <uses-permission android:name="com.example.testeaiko.DYNAMIC_RECEIVER_NOT_EXPORTED_PERMISSION" />
32-->[androidx.core:core:1.12.0] AndroidManifest.xml:26:5-97
32-->[androidx.core:core:1.12.0] AndroidManifest.xml:26:22-94
33
34    <application
34-->src\main\AndroidManifest.xml:9:5-34:19
35        android:name="com.example.testeaiko.App"
35-->src\main\AndroidManifest.xml:10:9-49
36        android:allowBackup="true"
36-->src\main\AndroidManifest.xml:11:9-35
37        android:appComponentFactory="androidx.core.app.CoreComponentFactory"
37-->[androidx.core:core:1.12.0] AndroidManifest.xml:28:18-86
38        android:dataExtractionRules="@xml/data_extraction_rules"
38-->src\main\AndroidManifest.xml:12:9-65
39        android:debuggable="true"
40        android:extractNativeLibs="false"
41        android:fullBackupContent="@xml/backup_rules"
41-->src\main\AndroidManifest.xml:13:9-54
42        android:icon="@mipmap/ic_launcher"
42-->src\main\AndroidManifest.xml:14:9-43
43        android:label="@string/app_name"
43-->src\main\AndroidManifest.xml:15:9-41
44        android:roundIcon="@mipmap/ic_launcher_round"
44-->src\main\AndroidManifest.xml:16:9-54
45        android:supportsRtl="true"
45-->src\main\AndroidManifest.xml:17:9-35
46        android:testOnly="true"
47        android:theme="@style/Theme.Material3.DayNight.NoActionBar" >
47-->src\main\AndroidManifest.xml:18:9-68
48
49        <!-- Google Maps API Key -->
50        <meta-data
50-->src\main\AndroidManifest.xml:21:9-23:71
51            android:name="com.google.android.geo.API_KEY"
51-->src\main\AndroidManifest.xml:22:13-58
52            android:value="AIzaSyDqclRwSicHuxObmug8sQtY1TEfifRIff4" />
52-->src\main\AndroidManifest.xml:23:13-68
53
54        <activity
54-->src\main\AndroidManifest.xml:24:9-32:20
55            android:name="com.example.testeaiko.activities.MainActivity"
55-->src\main\AndroidManifest.xml:25:13-73
56            android:exported="true"
56-->src\main\AndroidManifest.xml:26:13-36
57            android:windowSoftInputMode="adjustPan" >
57-->src\main\AndroidManifest.xml:27:13-52
58            <intent-filter>
58-->src\main\AndroidManifest.xml:28:13-31:29
59                <action android:name="android.intent.action.MAIN" />
59-->src\main\AndroidManifest.xml:29:17-69
59-->src\main\AndroidManifest.xml:29:25-66
60
61                <category android:name="android.intent.category.LAUNCHER" />
61-->src\main\AndroidManifest.xml:30:17-77
61-->src\main\AndroidManifest.xml:30:27-74
62            </intent-filter>
63        </activity>
64
65        <!-- Needs to be explicitly declared on P+ -->
66        <uses-library
66-->[com.google.android.gms:play-services-maps:18.0.1] AndroidManifest.xml:39:9-41:40
67            android:name="org.apache.http.legacy"
67-->[com.google.android.gms:play-services-maps:18.0.1] AndroidManifest.xml:40:13-50
68            android:required="false" />
68-->[com.google.android.gms:play-services-maps:18.0.1] AndroidManifest.xml:41:13-37
69
70        <activity
70-->[com.google.android.gms:play-services-base:18.5.0] AndroidManifest.xml:5:9-173
71            android:name="com.google.android.gms.common.api.GoogleApiActivity"
71-->[com.google.android.gms:play-services-base:18.5.0] AndroidManifest.xml:5:19-85
72            android:exported="false"
72-->[com.google.android.gms:play-services-base:18.5.0] AndroidManifest.xml:5:146-170
73            android:theme="@android:style/Theme.Translucent.NoTitleBar" />
73-->[com.google.android.gms:play-services-base:18.5.0] AndroidManifest.xml:5:86-145
74
75        <meta-data
75-->[com.google.android.gms:play-services-basement:18.4.0] AndroidManifest.xml:6:9-122
76            android:name="com.google.android.gms.version"
76-->[com.google.android.gms:play-services-basement:18.4.0] AndroidManifest.xml:6:20-65
77            android:value="@integer/google_play_services_version" />
77-->[com.google.android.gms:play-services-basement:18.4.0] AndroidManifest.xml:6:66-119
78
79        <provider
79-->[androidx.emoji2:emoji2:1.2.0] AndroidManifest.xml:24:9-32:20
80            android:name="androidx.startup.InitializationProvider"
80-->[androidx.emoji2:emoji2:1.2.0] AndroidManifest.xml:25:13-67
81            android:authorities="com.example.testeaiko.androidx-startup"
81-->[androidx.emoji2:emoji2:1.2.0] AndroidManifest.xml:26:13-68
82            android:exported="false" >
82-->[androidx.emoji2:emoji2:1.2.0] AndroidManifest.xml:27:13-37
83            <meta-data
83-->[androidx.emoji2:emoji2:1.2.0] AndroidManifest.xml:29:13-31:52
84                android:name="androidx.emoji2.text.EmojiCompatInitializer"
84-->[androidx.emoji2:emoji2:1.2.0] AndroidManifest.xml:30:17-75
85                android:value="androidx.startup" />
85-->[androidx.emoji2:emoji2:1.2.0] AndroidManifest.xml:31:17-49
86            <meta-data
86-->[androidx.lifecycle:lifecycle-process:2.8.4] AndroidManifest.xml:29:13-31:52
87                android:name="androidx.lifecycle.ProcessLifecycleInitializer"
87-->[androidx.lifecycle:lifecycle-process:2.8.4] AndroidManifest.xml:30:17-78
88                android:value="androidx.startup" />
88-->[androidx.lifecycle:lifecycle-process:2.8.4] AndroidManifest.xml:31:17-49
89            <meta-data
89-->[androidx.profileinstaller:profileinstaller:1.3.1] AndroidManifest.xml:29:13-31:52
90                android:name="androidx.profileinstaller.ProfileInstallerInitializer"
90-->[androidx.profileinstaller:profileinstaller:1.3.1] AndroidManifest.xml:30:17-85
91                android:value="androidx.startup" />
91-->[androidx.profileinstaller:profileinstaller:1.3.1] AndroidManifest.xml:31:17-49
92        </provider>
93
94        <uses-library
94-->[androidx.window:window:1.0.0] AndroidManifest.xml:25:9-27:40
95            android:name="androidx.window.extensions"
95-->[androidx.window:window:1.0.0] AndroidManifest.xml:26:13-54
96            android:required="false" />
96-->[androidx.window:window:1.0.0] AndroidManifest.xml:27:13-37
97        <uses-library
97-->[androidx.window:window:1.0.0] AndroidManifest.xml:28:9-30:40
98            android:name="androidx.window.sidecar"
98-->[androidx.window:window:1.0.0] AndroidManifest.xml:29:13-51
99            android:required="false" />
99-->[androidx.window:window:1.0.0] AndroidManifest.xml:30:13-37
100
101        <receiver
101-->[androidx.profileinstaller:profileinstaller:1.3.1] AndroidManifest.xml:34:9-52:20
102            android:name="androidx.profileinstaller.ProfileInstallReceiver"
102-->[androidx.profileinstaller:profileinstaller:1.3.1] AndroidManifest.xml:35:13-76
103            android:directBootAware="false"
103-->[androidx.profileinstaller:profileinstaller:1.3.1] AndroidManifest.xml:36:13-44
104            android:enabled="true"
104-->[androidx.profileinstaller:profileinstaller:1.3.1] AndroidManifest.xml:37:13-35
105            android:exported="true"
105-->[androidx.profileinstaller:profileinstaller:1.3.1] AndroidManifest.xml:38:13-36
106            android:permission="android.permission.DUMP" >
106-->[androidx.profileinstaller:profileinstaller:1.3.1] AndroidManifest.xml:39:13-57
107            <intent-filter>
107-->[androidx.profileinstaller:profileinstaller:1.3.1] AndroidManifest.xml:40:13-42:29
108                <action android:name="androidx.profileinstaller.action.INSTALL_PROFILE" />
108-->[androidx.profileinstaller:profileinstaller:1.3.1] AndroidManifest.xml:41:17-91
108-->[androidx.profileinstaller:profileinstaller:1.3.1] AndroidManifest.xml:41:25-88
109            </intent-filter>
110            <intent-filter>
110-->[androidx.profileinstaller:profileinstaller:1.3.1] AndroidManifest.xml:43:13-45:29
111                <action android:name="androidx.profileinstaller.action.SKIP_FILE" />
111-->[androidx.profileinstaller:profileinstaller:1.3.1] AndroidManifest.xml:44:17-85
111-->[androidx.profileinstaller:profileinstaller:1.3.1] AndroidManifest.xml:44:25-82
112            </intent-filter>
113            <intent-filter>
113-->[androidx.profileinstaller:profileinstaller:1.3.1] AndroidManifest.xml:46:13-48:29
114                <action android:name="androidx.profileinstaller.action.SAVE_PROFILE" />
114-->[androidx.profileinstaller:profileinstaller:1.3.1] AndroidManifest.xml:47:17-88
114-->[androidx.profileinstaller:profileinstaller:1.3.1] AndroidManifest.xml:47:25-85
115            </intent-filter>
116            <intent-filter>
116-->[androidx.profileinstaller:profileinstaller:1.3.1] AndroidManifest.xml:49:13-51:29
117                <action android:name="androidx.profileinstaller.action.BENCHMARK_OPERATION" />
117-->[androidx.profileinstaller:profileinstaller:1.3.1] AndroidManifest.xml:50:17-95
117-->[androidx.profileinstaller:profileinstaller:1.3.1] AndroidManifest.xml:50:25-92
118            </intent-filter>
119        </receiver>
120    </application>
121
122</manifest>